<?xml version="1.0" encoding="UTF-8"?>
<!-- Generated by org.testng.reporters.JUnitReportReporter -->
<testsuite hostname="Gauravs-MBP.attlocal.net" failures="0" tests="1" name="driverFactory.DataDrivenDriverScript" time="66.212" errors="0" timestamp="2021-08-08T14:34:57 PDT" skipped="0">
  <testcase classname="driverFactory.DataDrivenDriverScript" name="verifyLogin" time="66.212"/>
  <system-out>
Nos of rows:9 Login success ::dashboard  http://orangehrm.qedgetech.com/symfony/web/index.php/dashboard Invalid credentials  dashboard    http://orangehrm.qedgetech.com/symfony/web/index.php/auth/validateCredentials Invalid credentials  dashboard    http://orangehrm.qedgetech.com/symfony/web/index.php/auth/validateCredentials Username cannot be empty  dashboard    http://orangehrm.qedgetech.com/symfony/web/index.php/auth/login Login success ::dashboard  http://orangehrm.qedgetech.com/symfony/web/index.php/dashboard Password cannot be empty  dashboard    http://orangehrm.qedgetech.com/symfony/web/index.php/auth/login Invalid credentials  dashboard    http://orangehrm.qedgetech.com/symfony/web/index.php/auth/validateCredentials Username cannot be empty  dashboard    http://orangehrm.qedgetech.com/symfony/web/index.php/auth/login Login success ::dashboard  http://orangehrm.qedgetech.com/symfony/web/index.php/dashboard  </system-out>
</testsuite> <!-- driverFactory.DataDrivenDriverScript -->
