<?xml version="1.0" encoding="UTF-8"?>
<!-- Generated by org.testng.reporters.JUnitReportReporter -->
<testsuite hostname="Gauravs-MBP.attlocal.net" failures="0" tests="1" name="driverFactory.HybridDriverScript" time="99.511" errors="0" timestamp="2021-08-08T21:01:50 PDT" skipped="0">
  <testcase classname="driverFactory.HybridDriverScript" name="startTest" time="99.511"/>
  <system-out>
No of rows in TCSheet::4  No of rows in TSSheet::10 Login success::adminflow    http://primusbank.qedgetech.com/adminflow.aspx Admin logout success Login success::adminflow    http://primusbank.qedgetech.com/adminflow.aspx New Branch created::New Branch with id 29 created Sucessfully    New Branch with id Admin logout success Login success::adminflow    http://primusbank.qedgetech.com/adminflow.aspx Branch update Success::Branch updated Sucessfully   Branch updated Admin logout success  </system-out>
</testsuite> <!-- driverFactory.HybridDriverScript -->
