<?xml version="1.0" encoding="UTF-8"?>
<!-- Generated by org.testng.reporters.JUnitReportReporter -->
<testsuite hostname="Gauravs-MBP.attlocal.net" failures="0" tests="2" name="driverFactory.TestScript" time="90.053" errors="0" timestamp="2021-08-08T21:33:17 PDT" skipped="0">
  <testcase classname="driverFactory.TestScript" name="empvalidation" time="35.309"/>
  <system-out>
Add emp success::empNumber   http://orangehrm.qedgetech.com/symfony/web/index.php/pim/viewPersonalDetails/empNumber/545  </system-out>
  <testcase classname="driverFactory.TestScript" name="uservalidation" time="54.744"/>
  <system-out>
User added fail::viewSystemUsers   http://orangehrm.qedgetech.com/symfony/web/index.php/admin/saveSystemUser  </system-out>
</testsuite> <!-- driverFactory.TestScript -->
