<?xml version="1.0" encoding="UTF-8"?>
<!-- Generated by org.testng.reporters.JUnitReportReporter -->
<testsuite hostname="Gauravs-MBP.attlocal.net" failures="0" tests="1" name="driverFactory.DriverScriptPOM" time="336.428" errors="0" timestamp="2021-08-08T21:50:07 PDT" skipped="0">
  <testcase classname="driverFactory.DriverScriptPOM" name="uservalidation" time="336.428"/>
  <system-out>
User added success::viewSystemUsers   http://orangehrm.qedgetech.com/symfony/web/index.php/admin/viewSystemUsers User added fail::viewSystemUsers   http://orangehrm.qedgetech.com/symfony/web/index.php/admin/saveSystemUser User added fail::viewSystemUsers   http://orangehrm.qedgetech.com/symfony/web/index.php/admin/saveSystemUser User added fail::viewSystemUsers   http://orangehrm.qedgetech.com/symfony/web/index.php/admin/saveSystemUser User added fail::viewSystemUsers   http://orangehrm.qedgetech.com/symfony/web/index.php/admin/saveSystemUser User added fail::viewSystemUsers   http://orangehrm.qedgetech.com/symfony/web/index.php/admin/saveSystemUser User added fail::viewSystemUsers   http://orangehrm.qedgetech.com/symfony/web/index.php/admin/saveSystemUser User added fail::viewSystemUsers   http://orangehrm.qedgetech.com/symfony/web/index.php/admin/saveSystemUser User added fail::viewSystemUsers   http://orangehrm.qedgetech.com/symfony/web/index.php/admin/saveSystemUser User added fail::viewSystemUsers   http://orangehrm.qedgetech.com/symfony/web/index.php/admin/saveSystemUser User added fail::viewSystemUsers   http://orangehrm.qedgetech.com/symfony/web/index.php/admin/saveSystemUser User added fail::viewSystemUsers   http://orangehrm.qedgetech.com/symfony/web/index.php/admin/saveSystemUser  </system-out>
</testsuite> <!-- driverFactory.DriverScriptPOM -->
