<?xml version="1.0" encoding="UTF-8"?>
<!-- Generated by org.testng.reporters.JUnitReportReporter -->
<testsuite hostname="Gauravs-MBP.attlocal.net" failures="0" tests="1" name="driverFactory.KeyWordDriverScript" time="103.069" errors="0" timestamp="2021-08-08T15:05:06 PDT" skipped="0">
  <testcase classname="driverFactory.KeyWordDriverScript" name="startTest" time="103.069"/>
  <system-out>
No of rows in TCSheet::5  No of rows in TSSheet::10 Login success::adminflow    http://primusbank.qedgetech.com/adminflow.aspx Admin logout success Login success::adminflow    http://primusbank.qedgetech.com/adminflow.aspx New Branch created::New Branch with id 27 created Sucessfully    New Branch with id Admin logout success Login success::adminflow    http://primusbank.qedgetech.com/adminflow.aspx Branch update Success::Branch updated Sucessfully   Branch updated Admin logout success  </system-out>
</testsuite> <!-- driverFactory.KeyWordDriverScript -->
